<?xml version="1.0" encoding="UTF-8"?>
<testsuite xmlns:xsi="http://www.w3.org/2001/XMLSchema-instance" xsi:noNamespaceSchemaLocation="https://maven.apache.org/surefire/maven-surefire-plugin/xsd/surefire-test-report-3.0.xsd" version="3.0" name="pruebas.Pruebas" time="1.099" tests="6" errors="0" skipped="0" failures="0">
  <properties>
    <property name="java.specification.version" value="21"/>
    <property name="sun.cpu.isalist" value="amd64"/>
    <property name="sun.jnu.encoding" value="UTF-8"/>
    <property name="sun.awt.enableExtraMouseButtons" value="true"/>
    <property name="java.class.path" value="C:\Users\af_da\OneDrive\Documentos\NetBeansProjects\PruebasDeSoftware\GestionCliente\target\test-classes;C:\Users\af_da\OneDrive\Documentos\NetBeansProjects\PruebasDeSoftware\GestionCliente\target\classes;C:\Users\af_da\.m2\repository\net\sf\jasperreports\jasperreports\6.21.2\jasperreports-6.21.2.jar;C:\Users\af_da\.m2\repository\commons-beanutils\commons-beanutils\1.9.4\commons-beanutils-1.9.4.jar;C:\Users\af_da\.m2\repository\commons-collections\commons-collections\3.2.2\commons-collections-3.2.2.jar;C:\Users\af_da\.m2\repository\commons-digester\commons-digester\2.1\commons-digester-2.1.jar;C:\Users\af_da\.m2\repository\commons-logging\commons-logging\1.1.1\commons-logging-1.1.1.jar;C:\Users\af_da\.m2\repository\org\apache\commons\commons-collections4\4.2\commons-collections4-4.2.jar;C:\Users\af_da\.m2\repository\com\github\librepdf\openpdf\1.3.32\openpdf-1.3.32.jar;C:\Users\af_da\.m2\repository\org\jfree\jcommon\1.0.23\jcommon-1.0.23.jar;C:\Users\af_da\.m2\repository\org\jfree\jfreechart\1.0.19\jfreechart-1.0.19.jar;C:\Users\af_da\.m2\repository\org\eclipse\jdt\ecj\3.21.0\ecj-3.21.0.jar;C:\Users\af_da\.m2\repository\com\fasterxml\jackson\core\jackson-core\2.15.3\jackson-core-2.15.3.jar;C:\Users\af_da\.m2\repository\com\fasterxml\jackson\core\jackson-databind\2.15.3\jackson-databind-2.15.3.jar;C:\Users\af_da\.m2\repository\com\fasterxml\jackson\core\jackson-annotations\2.15.3\jackson-annotations-2.15.3.jar;C:\Users\af_da\.m2\repository\com\fasterxml\jackson\dataformat\jackson-dataformat-xml\2.15.3\jackson-dataformat-xml-2.15.3.jar;C:\Users\af_da\.m2\repository\org\codehaus\woodstox\stax2-api\4.2.1\stax2-api-4.2.1.jar;C:\Users\af_da\.m2\repository\com\fasterxml\woodstox\woodstox-core\6.5.1\woodstox-core-6.5.1.jar;C:\Users\af_da\.m2\repository\org\junit\jupiter\junit-jupiter-api\5.6.0\junit-jupiter-api-5.6.0.jar;C:\Users\af_da\.m2\repository\org\apiguardian\apiguardian-api\1.1.0\apiguardian-api-1.1.0.jar;C:\Users\af_da\.m2\repository\org\opentest4j\opentest4j\1.2.0\opentest4j-1.2.0.jar;C:\Users\af_da\.m2\repository\org\junit\platform\junit-platform-commons\1.6.0\junit-platform-commons-1.6.0.jar;C:\Users\af_da\.m2\repository\org\junit\jupiter\junit-jupiter-params\5.6.0\junit-jupiter-params-5.6.0.jar;C:\Users\af_da\.m2\repository\org\junit\jupiter\junit-jupiter-engine\5.6.0\junit-jupiter-engine-5.6.0.jar;C:\Users\af_da\.m2\repository\org\junit\platform\junit-platform-engine\1.6.0\junit-platform-engine-1.6.0.jar;"/>
    <property name="java.vm.vendor" value="Oracle Corporation"/>
    <property name="sun.arch.data.model" value="64"/>
    <property name="user.variant" value=""/>
    <property name="java.vendor.url" value="https://java.oracle.com/"/>
    <property name="user.timezone" value="America/Hermosillo"/>
    <property name="os.name" value="Windows 11"/>
    <property name="java.vm.specification.version" value="21"/>
    <property name="user.country" value="MX"/>
    <property name="sun.java.launcher" value="SUN_STANDARD"/>
    <property name="sun.boot.library.path" value="C:\Program Files\Java\jdk-21\bin"/>
    <property name="sun.java.command" value="C:\Users\af_da\AppData\Local\Temp\surefire12207098281140212755\surefirebooter-20240909223458625_3.jar C:\Users\af_da\AppData\Local\Temp\surefire12207098281140212755 2024-09-09T22-34-58_514-jvmRun1 surefire-20240909223458625_1tmp surefire_0-20240909223458625_2tmp"/>
    <property name="jdk.debug" value="release"/>
    <property name="test" value="pruebas.Pruebas"/>
    <property name="surefire.test.class.path" value="C:\Users\af_da\OneDrive\Documentos\NetBeansProjects\PruebasDeSoftware\GestionCliente\target\test-classes;C:\Users\af_da\OneDrive\Documentos\NetBeansProjects\PruebasDeSoftware\GestionCliente\target\classes;C:\Users\af_da\.m2\repository\net\sf\jasperreports\jasperreports\6.21.2\jasperreports-6.21.2.jar;C:\Users\af_da\.m2\repository\commons-beanutils\commons-beanutils\1.9.4\commons-beanutils-1.9.4.jar;C:\Users\af_da\.m2\repository\commons-collections\commons-collections\3.2.2\commons-collections-3.2.2.jar;C:\Users\af_da\.m2\repository\commons-digester\commons-digester\2.1\commons-digester-2.1.jar;C:\Users\af_da\.m2\repository\commons-logging\commons-logging\1.1.1\commons-logging-1.1.1.jar;C:\Users\af_da\.m2\repository\org\apache\commons\commons-collections4\4.2\commons-collections4-4.2.jar;C:\Users\af_da\.m2\repository\com\github\librepdf\openpdf\1.3.32\openpdf-1.3.32.jar;C:\Users\af_da\.m2\repository\org\jfree\jcommon\1.0.23\jcommon-1.0.23.jar;C:\Users\af_da\.m2\repository\org\jfree\jfreechart\1.0.19\jfreechart-1.0.19.jar;C:\Users\af_da\.m2\repository\org\eclipse\jdt\ecj\3.21.0\ecj-3.21.0.jar;C:\Users\af_da\.m2\repository\com\fasterxml\jackson\core\jackson-core\2.15.3\jackson-core-2.15.3.jar;C:\Users\af_da\.m2\repository\com\fasterxml\jackson\core\jackson-databind\2.15.3\jackson-databind-2.15.3.jar;C:\Users\af_da\.m2\repository\com\fasterxml\jackson\core\jackson-annotations\2.15.3\jackson-annotations-2.15.3.jar;C:\Users\af_da\.m2\repository\com\fasterxml\jackson\dataformat\jackson-dataformat-xml\2.15.3\jackson-dataformat-xml-2.15.3.jar;C:\Users\af_da\.m2\repository\org\codehaus\woodstox\stax2-api\4.2.1\stax2-api-4.2.1.jar;C:\Users\af_da\.m2\repository\com\fasterxml\woodstox\woodstox-core\6.5.1\woodstox-core-6.5.1.jar;C:\Users\af_da\.m2\repository\org\junit\jupiter\junit-jupiter-api\5.6.0\junit-jupiter-api-5.6.0.jar;C:\Users\af_da\.m2\repository\org\apiguardian\apiguardian-api\1.1.0\apiguardian-api-1.1.0.jar;C:\Users\af_da\.m2\repository\org\opentest4j\opentest4j\1.2.0\opentest4j-1.2.0.jar;C:\Users\af_da\.m2\repository\org\junit\platform\junit-platform-commons\1.6.0\junit-platform-commons-1.6.0.jar;C:\Users\af_da\.m2\repository\org\junit\jupiter\junit-jupiter-params\5.6.0\junit-jupiter-params-5.6.0.jar;C:\Users\af_da\.m2\repository\org\junit\jupiter\junit-jupiter-engine\5.6.0\junit-jupiter-engine-5.6.0.jar;C:\Users\af_da\.m2\repository\org\junit\platform\junit-platform-engine\1.6.0\junit-platform-engine-1.6.0.jar;"/>
    <property name="sun.cpu.endian" value="little"/>
    <property name="user.home" value="C:\Users\af_da"/>
    <property name="user.language" value="es"/>
    <property name="java.specification.vendor" value="Oracle Corporation"/>
    <property name="java.version.date" value="2024-01-16"/>
    <property name="java.home" value="C:\Program Files\Java\jdk-21"/>
    <property name="file.separator" value="\"/>
    <property name="basedir" value="C:\Users\af_da\OneDrive\Documentos\NetBeansProjects\PruebasDeSoftware\GestionCliente"/>
    <property name="java.vm.compressedOopsMode" value="Zero based"/>
    <property name="line.separator" value="&#10;"/>
    <property name="java.vm.specification.vendor" value="Oracle Corporation"/>
    <property name="java.specification.name" value="Java Platform API Specification"/>
    <property name="surefire.real.class.path" value="C:\Users\af_da\AppData\Local\Temp\surefire12207098281140212755\surefirebooter-20240909223458625_3.jar"/>
    <property name="user.script" value=""/>
    <property name="sun.management.compiler" value="HotSpot 64-Bit Tiered Compilers"/>
    <property name="java.runtime.version" value="21.0.2+13-LTS-58"/>
    <property name="user.name" value="af_da"/>
    <property name="stdout.encoding" value="UTF-8"/>
    <property name="path.separator" value=";"/>
    <property name="os.version" value="10.0"/>
    <property name="java.runtime.name" value="Java(TM) SE Runtime Environment"/>
    <property name="file.encoding" value="UTF-8"/>
    <property name="java.vm.name" value="Java HotSpot(TM) 64-Bit Server VM"/>
    <property name="maven.ext.class.path" value="C:\Program Files\NetBeans-21\netbeans\java\maven-nblib\netbeans-eventspy.jar"/>
    <property name="localRepository" value="C:\Users\af_da\.m2\repository"/>
    <property name="java.vendor.url.bug" value="https://bugreport.java.com/bugreport/"/>
    <property name="java.io.tmpdir" value="C:\Users\af_da\AppData\Local\Temp\"/>
    <property name="java.version" value="21.0.2"/>
    <property name="user.dir" value="C:\Users\af_da\OneDrive\Documentos\NetBeansProjects\PruebasDeSoftware\GestionCliente"/>
    <property name="os.arch" value="amd64"/>
    <property name="java.vm.specification.name" value="Java Virtual Machine Specification"/>
    <property name="sun.os.patch.level" value=""/>
    <property name="native.encoding" value="UTF-8"/>
    <property name="java.library.path" value="C:\Program Files\Java\jdk-21\bin;C:\Windows\Sun\Java\bin;C:\Windows\system32;C:\Windows;C:\Program Files\Common Files\Oracle\Java\javapath;c:\windows\system32;c:\windows;c:\windows\system32\wbem;c:\windows\system32\windowspowershell\v1.0\;c:\windows\system32\openssh\;C:\Program Files (x86)\NVIDIA Corporation\PhysX\Common;C:\Program Files\NVIDIA Corporation\NVIDIA App\NvDLISR;C:\Program Files\wooting-analog-sdk\;C:\Program Files\Git\cmd;C:\Program Files\GTK3-Runtime Win64\bin;C:\Program Files\Docker\Docker\resources\bin;C:\Users\af_da\AppData\Local\Programs\Python\Python310\Scripts\;C:\Users\af_da\AppData\Local\Programs\Python\Python310\;C:\Users\af_da\AppData\Local\Microsoft\WindowsApps;C:\Users\af_da\AppData\Local\Programs\Microsoft VS Code\bin;C:\Users\af_da\AppData\Local\GitHubDesktop\bin;C:\Program Files\JetBrains\IntelliJ IDEA 2024.1.1\bin;;."/>
    <property name="java.vm.info" value="mixed mode, sharing"/>
    <property name="stderr.encoding" value="UTF-8"/>
    <property name="java.vendor" value="Oracle Corporation"/>
    <property name="java.vm.version" value="21.0.2+13-LTS-58"/>
    <property name="sun.io.unicode.encoding" value="UnicodeLittle"/>
    <property name="java.class.version" value="65.0"/>
  </properties>
  <testcase name="testAgregar" classname="pruebas.Pruebas" time="0.025">
    <system-out><![CDATA[Test CP-001: Tests que se encarga de agregar un cliente nuevo correctamente
]]></system-out>
  </testcase>
  <testcase name="testModificar" classname="pruebas.Pruebas" time="0.001">
    <system-out><![CDATA[Test CP-002: Tests que se encarga de modificar un cliente correctamente
]]></system-out>
  </testcase>
  <testcase name="testReporte" classname="pruebas.Pruebas" time="1.054">
    <system-out><![CDATA[Test CP-005: Tests que se encarga de verificar que se puede generar un reporte correctamente
]]></system-out>
  </testcase>
  <testcase name="testEliminar" classname="pruebas.Pruebas" time="0.001">
    <system-out><![CDATA[Test CP-003: Tests que se encarga de eliminar un cliente correctamente
]]></system-out>
  </testcase>
  <testcase name="testFiltro" classname="pruebas.Pruebas" time="0.001">
    <system-out><![CDATA[Test CP-005: Tests que se encarga de verificar que los filtros funcionan correctamente
]]></system-out>
  </testcase>
  <testcase name="testListar" classname="pruebas.Pruebas" time="0.001">
    <system-out><![CDATA[Test CP-004: Tests que se encarga de listar los clientes correctamente
]]></system-out>
  </testcase>
</testsuite>